<?xml version="1.0" encoding="utf-8"?><testsuites><testsuite name="pytest" errors="0" failures="0" skipped="21" tests="59" time="35.728" timestamp="2026-09-12T23:59:05.426033+05:30" hostname="Mac"><testcase classname="tests.test_auth.TestLogin" name="test_valid_credentials_return_tokens" time="0.710" /><testcase classname="tests.test_auth.TestLogin" name="test_requested_expiry_is_honoured" time="1.007" /><testcase classname="tests.test_auth.TestLogin" name="test_wrong_password_rejected" time="0.181" /><testcase classname="tests.test_auth.TestLogin" name="test_wrong_password_and_unknown_user_look_identical" time="0.374" /><testcase classname="tests.test_auth.TestLogin" name="test_missing_credentials_rejected" time="0.188" /><testcase classname="tests.test_auth.TestLogin" name="test_invalid_expiry_rejected_with_400" time="0.369"><skipped type="pytest.xfail" message="FINDING: invalid expiresInMins returns 500 instead of a 400 validation error" /></testcase><testcase classname="tests.test_auth.TestMe" name="test_valid_token_returns_own_user" time="0.529" /><testcase classname="tests.test_auth.TestMe" name="test_no_token_rejected" time="0.195" /><testcase classname="tests.test_auth.TestMe" name="test_anonymous_stays_anonymous_after_a_login_on_the_same_client" time="0.550" /><testcase classname="tests.test_auth.TestMe" name="test_invalid_token_rejected_with_401" time="0.545"><skipped type="pytest.xfail" message="FINDING: invalid token returns 500 'invalid token' instead of 401" /></testcase><testcase classname="tests.test_auth.TestMe" name="test_refresh_token_not_accepted_as_access_token" time="0.511"><skipped type="pytest.xfail" message="FINDING: a refresh token is accepted as an access token" /></testcase><testcase classname="tests.test_auth.TestMe" name="test_tampered_token_is_rejected" time="0.502" /><testcase classname="tests.test_auth.TestMe" name="test_alg_none_token_is_rejected" time="14.917" /><testcase classname="tests.test_auth.TestRefresh" name="test_valid_refresh_token_issues_usable_access_token" time="0.833" /><testcase classname="tests.test_auth.TestRefresh" name="test_missing_refresh_token_rejected" time="0.189" /><testcase classname="tests.test_auth.TestRefresh" name="test_invalid_refresh_token_rejected" time="0.182" /><testcase classname="tests.test_auth.TestRefresh" name="test_access_token_not_accepted_as_refresh_token" time="0.189"><skipped type="pytest.xfail" message="FINDING: an access token is accepted as a refresh token" /></testcase><testcase classname="tests.test_auth.TestCookieSession" name="test_login_sets_httponly_secure_cookies" time="0.650" /><testcase classname="tests.test_auth.TestCookieSession" name="test_cookie_alone_authenticates_me" time="0.878" /><testcase classname="tests.test_auth.TestCookieSession" name="test_cookie_has_samesite_attribute" time="0.740"><skipped type="pytest.xfail" message="FINDING: session cookies have no SameSite attribute" /></testcase><testcase classname="tests.test_auth.TestCookieSession" name="test_cookie_alone_cannot_change_data" time="0.865"><skipped type="pytest.xfail" message="FINDING: the session cookie alone authorizes state-changing requests (no CSRF protection)" /></testcase><testcase classname="tests.test_auth.TestCookieSession" name="test_cors_does_not_allow_credentials_from_any_origin" time="0.185"><skipped type="pytest.xfail" message="FINDING: CORS reflects any origin with Access-Control-Allow-Credentials: true" /></testcase><testcase classname="tests.test_data_exposure.TestUserResponses" name="test_public_user_list_has_no_sensitive_fields" time="0.200"><skipped type="pytest.xfail" message="FINDING: public user list exposes password/ssn/ein/bank/crypto" /></testcase><testcase classname="tests.test_data_exposure.TestUserResponses" name="test_public_single_user_has_no_sensitive_fields" time="1.240"><skipped type="pytest.xfail" message="FINDING: public single-user record exposes password/ssn/ein/bank/crypto" /></testcase><testcase classname="tests.test_data_exposure.TestUserResponses" name="test_me_has_no_password_even_for_owner" time="0.204"><skipped type="pytest.xfail" message="FINDING: /auth/me returns the caller's own password" /></testcase><testcase classname="tests.test_data_exposure.TestUserResponses" name="test_login_response_has_no_password" time="0.360" /><testcase classname="tests.test_data_exposure.TestErrorResponses" name="test_errors_reveal_nothing_internal" time="0.688" /><testcase classname="tests.test_data_exposure.TestLogRedaction" name="test_redaction_masks_sensitive_values" time="0.005" /><testcase classname="tests.test_rbac_matrix" name="test_security_matrix[R01]" time="0.182" /><testcase classname="tests.test_rbac_matrix" name="test_security_matrix[R02]" time="0.182" /><testcase classname="tests.test_rbac_matrix" name="test_security_matrix[R03]" time="0.191"><skipped type="pytest.xfail" message="FINDING: writes must require authentication" /></testcase><testcase classname="tests.test_rbac_matrix" name="test_security_matrix[R04]" time="0.184"><skipped type="pytest.xfail" message="FINDING: deletes must require authentication" /></testcase><testcase classname="tests.test_rbac_matrix" name="test_security_matrix[R05]" time="0.196" /><testcase classname="tests.test_rbac_matrix" name="test_security_matrix[R06]" time="0.193"><skipped type="pytest.xfail" message="FINDING: a user must not read another user's record" /></testcase><testcase classname="tests.test_rbac_matrix" name="test_security_matrix[R07]" time="0.193" /><testcase classname="tests.test_rbac_matrix" name="test_security_matrix[R08]" time="0.197"><skipped type="pytest.xfail" message="FINDING: a user must not modify another user's record" /></testcase><testcase classname="tests.test_rbac_matrix" name="test_security_matrix[R09]" time="0.207"><skipped type="pytest.xfail" message="FINDING: a user must not delete another user's record" /></testcase><testcase classname="tests.test_rbac_matrix" name="test_security_matrix[R10]" time="0.202" /><testcase classname="tests.test_rbac_matrix" name="test_security_matrix[R11]" time="0.191"><skipped type="pytest.xfail" message="FINDING: a user must not read another user's carts" /></testcase><testcase classname="tests.test_rbac_matrix" name="test_security_matrix[R12]" time="0.209"><skipped type="pytest.xfail" message="FINDING: a user must not escalate their own role" /></testcase><testcase classname="tests.test_rbac_matrix" name="test_security_matrix[R13]" time="1.479" /><testcase classname="tests.test_rbac_matrix" name="test_security_matrix[R14]" time="0.192" /><testcase classname="tests.test_rbac_matrix" name="test_security_matrix[R15]" time="0.180" /><testcase classname="tests.test_rbac_matrix" name="test_security_matrix[R16]" time="0.177" /><testcase classname="tests.test_rbac_matrix" name="test_security_matrix[R17]" time="0.191" /><testcase classname="tests.test_rbac_matrix" name="test_security_matrix[R18]" time="0.183" /><testcase classname="tests.test_rbac_matrix" name="test_security_matrix[R19]" time="0.192"><skipped type="pytest.xfail" message="FINDING: account creation must require authentication (anyone can create an admin)" /></testcase><testcase classname="tests.test_rbac_matrix" name="test_security_matrix[R20]" time="0.191"><skipped type="pytest.xfail" message="FINDING: a user's carts must not be readable without authentication" /></testcase><testcase classname="tests.test_rbac_matrix" name="test_security_matrix[R21]" time="0.195"><skipped type="pytest.xfail" message="FINDING: identity fields such as id must be immutable" /></testcase><testcase classname="tests.test_rbac_matrix" name="test_security_matrix[R22]" time="0.195"><skipped type="pytest.xfail" message="FINDING: a user must not take another user's username" /></testcase><testcase classname="tests.test_users.TestGetUser" name="test_default_list_has_users_and_paging_fields" time="0.189" /><testcase classname="tests.test_users.TestGetUser" name="test_existing_user_matches_schema" time="0.199" /><testcase classname="tests.test_users.TestGetUser" name="test_unknown_id_returns_404" time="0.188" /><testcase classname="tests.test_users.TestGetUser" name="test_invalid_id_returns_400" time="0.176" /><testcase classname="tests.test_users.TestGetUser" name="test_filter_by_role_returns_only_that_role" time="0.190" /><testcase classname="tests.test_users.TestUpdateUser" name="test_update_echoes_the_change" time="0.195" /><testcase classname="tests.test_users.TestUpdateUser" name="test_update_is_simulated_not_persisted" time="0.372" /><testcase classname="tests.test_users.TestDeleteUser" name="test_delete_returns_deleted_marker" time="0.194" /><testcase classname="tests.test_users.TestDeleteUser" name="test_delete_is_simulated_not_persisted" time="0.397" /></testsuite></testsuites>